<?xml version="1.0" encoding="UTF-8"?>
<testng-results ignored="0" total="3" passed="3" failed="0" skipped="0">
  <reporter-output>
  </reporter-output>
  <suite started-at="2024-03-21T20:03:49 IST" name="Default suite" finished-at="2024-03-21T20:03:56 IST" duration-ms="6947">
    <groups>
      <group name="cucumber">
        <method signature="AbstractTestNGCucumberTests.runScenario(io.cucumber.testng.PickleWrapper,io.cucumber.testng.FeatureWrapper)[pri:0, instance:com.lnw.assessment.test.ITSuiteRunner@cecf639]" name="runScenario" class="io.cucumber.testng.AbstractTestNGCucumberTests"/>
      </group> <!-- cucumber -->
    </groups>
    <test started-at="2024-03-21T20:03:49 IST" name="Default test" finished-at="2024-03-21T20:03:56 IST" duration-ms="6947">
      <class name="com.lnw.assessment.test.ITSuiteRunner">
        <test-method is-config="true" signature="setUpClass(org.testng.ITestContext)[pri:0, instance:com.lnw.assessment.test.ITSuiteRunner@cecf639]" started-at="2024-03-21T20:03:49 IST" name="setUpClass" finished-at="2024-03-21T20:03:50 IST" duration-ms="1785" status="PASS">
          <params>
            <param index="0">
              <value>
                <![CDATA[org.testng.TestRunner@76b47204]]>
              </value>
            </param>
          </params>
          <reporter-output>
          </reporter-output>
        </test-method> <!-- setUpClass -->
        <test-method signature="runScenario(io.cucumber.testng.PickleWrapper,io.cucumber.testng.FeatureWrapper)[pri:0, instance:com.lnw.assessment.test.ITSuiteRunner@cecf639]" started-at="2024-03-21T20:03:50 IST" name="runScenario" description="Runs Cucumber Scenarios" data-provider="scenarios" finished-at="2024-03-21T20:03:52 IST" duration-ms="1855" status="PASS">
          <params>
            <param index="0">
              <value>
                <![CDATA["Adding a "Monitor" into Cart and verifying the sub total"]]>
              </value>
            </param>
            <param index="1">
              <value>
                <![CDATA["Adding items to cart"]]>
              </value>
            </param>
          </params>
          <reporter-output>
          </reporter-output>
        </test-method> <!-- runScenario -->
        <test-method signature="runScenario(io.cucumber.testng.PickleWrapper,io.cucumber.testng.FeatureWrapper)[pri:0, instance:com.lnw.assessment.test.ITSuiteRunner@cecf639]" started-at="2024-03-21T20:03:52 IST" name="runScenario" description="Runs Cucumber Scenarios" data-provider="scenarios" finished-at="2024-03-21T20:03:52 IST" duration-ms="93" status="PASS">
          <params>
            <param index="0">
              <value>
                <![CDATA["Adding a "Laptop" into Cart and verifying the sub total"]]>
              </value>
            </param>
            <param index="1">
              <value>
                <![CDATA["Adding items to cart"]]>
              </value>
            </param>
          </params>
          <reporter-output>
          </reporter-output>
        </test-method> <!-- runScenario -->
        <test-method signature="runScenario(io.cucumber.testng.PickleWrapper,io.cucumber.testng.FeatureWrapper)[pri:0, instance:com.lnw.assessment.test.ITSuiteRunner@cecf639]" started-at="2024-03-21T20:03:52 IST" name="runScenario" description="Runs Cucumber Scenarios" data-provider="scenarios" finished-at="2024-03-21T20:03:53 IST" duration-ms="101" status="PASS">
          <params>
            <param index="0">
              <value>
                <![CDATA["Adding two items into Cart and verifying the sub total"]]>
              </value>
            </param>
            <param index="1">
              <value>
                <![CDATA["Adding items to cart"]]>
              </value>
            </param>
          </params>
          <reporter-output>
          </reporter-output>
        </test-method> <!-- runScenario -->
        <test-method is-config="true" signature="tearDownClass()[pri:0, instance:com.lnw.assessment.test.ITSuiteRunner@cecf639]" started-at="2024-03-21T20:03:53 IST" name="tearDownClass" finished-at="2024-03-21T20:03:56 IST" duration-ms="2998" status="PASS">
          <reporter-output>
          </reporter-output>
        </test-method> <!-- tearDownClass -->
      </class> <!-- com.lnw.assessment.test.ITSuiteRunner -->
    </test> <!-- Default test -->
  </suite> <!-- Default suite -->
</testng-results>
